# JRE version: Java(TM) SE Runtime Environment (8.0_301-b09) (build 1.8.0_301-b09)
# Java VM: Java HotSpot(TM) 64-Bit Server VM (25.301-b09 mixed mode windows-amd64 compressed oops)
Heap:
 PSYoungGen      total 1303040K, used 1246423K [0x000000076ab00000, 0x00000007bfe80000, 0x00000007c0000000)
  eden space 1218560K, 100% used [0x000000076ab00000,0x00000007b5100000,0x00000007b5100000)
  from space 84480K, 32% used [0x00000007b5100000,0x00000007b6c35f98,0x00000007ba380000)
  to   space 81408K, 22% used [0x00000007baf00000,0x00000007bc10b848,0x00000007bfe80000)
 ParOldGen       total 543744K, used 275001K [0x00000006c0000000, 0x00000006e1300000, 0x000000076ab00000)
  object space 543744K, 50% used [0x00000006c0000000,0x00000006d0c8e4b0,0x00000006e1300000)
 Metaspace       used 105074K, capacity 114029K, committed 114304K, reserved 1146880K
  class space    used 13899K, capacity 15945K, committed 16000K, reserved 1048576K
GC Heap History (10 events):
Event: 47.079 GC heap after
Heap after GC invocations=22 (full 4):
 PSYoungGen      total 1151488K, used 27879K [0x000000076ab00000, 0x00000007b7080000, 0x00000007c0000000)
  eden space 1066496K, 0% used [0x000000076ab00000,0x000000076ab00000,0x00000007abc80000)
  from space 84992K, 32% used [0x00000007b1d80000,0x00000007b38b9d78,0x00000007b7080000)
  to   space 92160K, 0% used [0x00000007abc80000,0x00000007abc80000,0x00000007b1680000)
 ParOldGen       total 406016K, used 310892K [0x00000006c0000000, 0x00000006d8c80000, 0x000000076ab00000)
  object space 406016K, 76% used [0x00000006c0000000,0x00000006d2f9b2e8,0x00000006d8c80000)
 Metaspace       used 100978K, capacity 109449K, committed 109696K, reserved 1142784K
  class space    used 13656K, capacity 15653K, committed 15744K, reserved 1048576K
}
Event: 48.294 GC heap before
{Heap before GC invocations=23 (full 4):
 PSYoungGen      total 1151488K, used 1094375K [0x000000076ab00000, 0x00000007b7080000, 0x00000007c0000000)
  eden space 1066496K, 100% used [0x000000076ab00000,0x00000007abc80000,0x00000007abc80000)
  from space 84992K, 32% used [0x00000007b1d80000,0x00000007b38b9d78,0x00000007b7080000)
  to   space 92160K, 0% used [0x00000007abc80000,0x00000007abc80000,0x00000007b1680000)
 ParOldGen       total 406016K, used 310892K [0x00000006c0000000, 0x00000006d8c80000, 0x000000076ab00000)
  object space 406016K, 76% used [0x00000006c0000000,0x00000006d2f9b2e8,0x00000006d8c80000)
 Metaspace       used 101430K, capacity 110005K, committed 110336K, reserved 1144832K
  class space    used 13717K, capacity 15747K, committed 15872K, reserved 1048576K
Event: 48.338 GC heap after
Heap after GC invocations=23 (full 4):
 PSYoungGen      total 1158656K, used 39606K [0x000000076ab00000, 0x00000007bfd00000, 0x00000007c0000000)
  eden space 1066496K, 0% used [0x000000076ab00000,0x000000076ab00000,0x00000007abc80000)
  from space 92160K, 42% used [0x00000007abc80000,0x00000007ae32db10,0x00000007b1680000)
  to   space 87040K, 0% used [0x00000007ba800000,0x00000007ba800000,0x00000007bfd00000)
 ParOldGen       total 406016K, used 330940K [0x00000006c0000000, 0x00000006d8c80000, 0x000000076ab00000)
  object space 406016K, 81% used [0x00000006c0000000,0x00000006d432f3e8,0x00000006d8c80000)
 Metaspace       used 101430K, capacity 110005K, committed 110336K, reserved 1144832K
  class space    used 13717K, capacity 15747K, committed 15872K, reserved 1048576K
}
Event: 49.458 GC heap before
{Heap before GC invocations=24 (full 4):
 PSYoungGen      total 1158656K, used 1106102K [0x000000076ab00000, 0x00000007bfd00000, 0x00000007c0000000)
  eden space 1066496K, 100% used [0x000000076ab00000,0x00000007abc80000,0x00000007abc80000)
  from space 92160K, 42% used [0x00000007abc80000,0x00000007ae32db10,0x00000007b1680000)
  to   space 87040K, 0% used [0x00000007ba800000,0x00000007ba800000,0x00000007bfd00000)
 ParOldGen       total 406016K, used 330940K [0x00000006c0000000, 0x00000006d8c80000, 0x000000076ab00000)
  object space 406016K, 81% used [0x00000006c0000000,0x00000006d432f3e8,0x00000006d8c80000)
 Metaspace       used 101457K, capacity 110013K, committed 110336K, reserved 1144832K
  class space    used 13717K, capacity 15747K, committed 15872K, reserved 1048576K
Event: 49.490 GC heap after
Heap after GC invocations=24 (full 4):
 PSYoungGen      total 1298432K, used 24743K [0x000000076ab00000, 0x00000007bf600000, 0x00000007c0000000)
  eden space 1218560K, 0% used [0x000000076ab00000,0x000000076ab00000,0x00000007b5100000)
  from space 79872K, 30% used [0x00000007ba800000,0x00000007bc029d50,0x00000007bf600000)
  to   space 84480K, 0% used [0x00000007b5100000,0x00000007b5100000,0x00000007ba380000)
 ParOldGen       total 406016K, used 358471K [0x00000006c0000000, 0x00000006d8c80000, 0x000000076ab00000)
  object space 406016K, 88% used [0x00000006c0000000,0x00000006d5e11e80,0x00000006d8c80000)
 Metaspace       used 101457K, capacity 110013K, committed 110336K, reserved 1144832K
  class space    used 13717K, capacity 15747K, committed 15872K, reserved 1048576K
}
Event: 49.490 GC heap before
{Heap before GC invocations=25 (full 5):
 PSYoungGen      total 1298432K, used 24743K [0x000000076ab00000, 0x00000007bf600000, 0x00000007c0000000)
  eden space 1218560K, 0% used [0x000000076ab00000,0x000000076ab00000,0x00000007b5100000)
  from space 79872K, 30% used [0x00000007ba800000,0x00000007bc029d50,0x00000007bf600000)
  to   space 84480K, 0% used [0x00000007b5100000,0x00000007b5100000,0x00000007ba380000)
 ParOldGen       total 406016K, used 358471K [0x00000006c0000000, 0x00000006d8c80000, 0x000000076ab00000)
  object space 406016K, 88% used [0x00000006c0000000,0x00000006d5e11e80,0x00000006d8c80000)
 Metaspace       used 101457K, capacity 110013K, committed 110336K, reserved 1144832K
  class space    used 13717K, capacity 15747K, committed 15872K, reserved 1048576K
Event: 50.050 GC heap after
Heap after GC invocations=25 (full 5):
 PSYoungGen      total 1298432K, used 0K [0x000000076ab00000, 0x00000007bf600000, 0x00000007c0000000)
  eden space 1218560K, 0% used [0x000000076ab00000,0x000000076ab00000,0x00000007b5100000)
  from space 79872K, 0% used [0x00000007ba800000,0x00000007ba800000,0x00000007bf600000)
  to   space 84480K, 0% used [0x00000007b5100000,0x00000007b5100000,0x00000007ba380000)
 ParOldGen       total 543744K, used 269084K [0x00000006c0000000, 0x00000006e1300000, 0x000000076ab00000)
  object space 543744K, 49% used [0x00000006c0000000,0x00000006d06c7398,0x00000006e1300000)
 Metaspace       used 100499K, capacity 108849K, committed 110336K, reserved 1144832K
  class space    used 13562K, capacity 15555K, committed 15872K, reserved 1048576K
}
Event: 51.863 GC heap before
{Heap before GC invocations=26 (full 5):
 PSYoungGen      total 1298432K, used 1218560K [0x000000076ab00000, 0x00000007bf600000, 0x00000007c0000000)
  eden space 1218560K, 100% used [0x000000076ab00000,0x00000007b5100000,0x00000007b5100000)
  from space 79872K, 0% used [0x00000007ba800000,0x00000007ba800000,0x00000007bf600000)
  to   space 84480K, 0% used [0x00000007b5100000,0x00000007b5100000,0x00000007ba380000)
 ParOldGen       total 543744K, used 269084K [0x00000006c0000000, 0x00000006e1300000, 0x000000076ab00000)
  object space 543744K, 49% used [0x00000006c0000000,0x00000006d06c7398,0x00000006e1300000)
 Metaspace       used 100535K, capacity 108927K, committed 110336K, reserved 1144832K
  class space    used 13569K, capacity 15558K, committed 15872K, reserved 1048576K
Event: 51.893 GC heap after
Heap after GC invocations=26 (full 5):
 PSYoungGen      total 1303040K, used 27863K [0x000000076ab00000, 0x00000007bfe80000, 0x00000007c0000000)
  eden space 1218560K, 0% used [0x000000076ab00000,0x000000076ab00000,0x00000007b5100000)
  from space 84480K, 32% used [0x00000007b5100000,0x00000007b6c35f98,0x00000007ba380000)
  to   space 81408K, 0% used [0x00000007baf00000,0x00000007baf00000,0x00000007bfe80000)
 ParOldGen       total 543744K, used 269092K [0x00000006c0000000, 0x00000006e1300000, 0x000000076ab00000)
  object space 543744K, 49% used [0x00000006c0000000,0x00000006d06c9398,0x00000006e1300000)
 Metaspace       used 100535K, capacity 108927K, committed 110336K, reserved 1144832K
  class space    used 13569K, capacity 15558K, committed 15872K, reserved 1048576K
}
Event: 112.810 GC heap before
{Heap before GC invocations=27 (full 5):
 PSYoungGen      total 1303040K, used 1246423K [0x000000076ab00000, 0x00000007bfe80000, 0x00000007c0000000)
  eden space 1218560K, 100% used [0x000000076ab00000,0x00000007b5100000,0x00000007b5100000)
  from space 84480K, 32% used [0x00000007b5100000,0x00000007b6c35f98,0x00000007ba380000)
  to   space 81408K, 0% used [0x00000007baf00000,0x00000007baf00000,0x00000007bfe80000)
 ParOldGen       total 543744K, used 270520K [0x00000006c0000000, 0x00000006e1300000, 0x000000076ab00000)
  object space 543744K, 49% used [0x00000006c0000000,0x00000006d082e178,0x00000006e1300000)
 Metaspace       used 105074K, capacity 114029K, committed 114304K, reserved 1146880K
  class space    used 13899K, capacity 15945K, committed 16000K, reserved 1048576K

