# JRE version: OpenJDK Runtime Environment (8.0_292-b10) (build 1.8.0_292-8u292-b10-0ubuntu1~20.04-b10)
# Java VM: OpenJDK 64-Bit Server VM (25.292-b10 mixed mode linux-amd64 compressed oops)
Heap:
 PSYoungGen      total 365568K, used 55857K [0x000000076ab00000, 0x000000078bf00000, 0x00000007c0000000)
  eden space 257024K, 0% used [0x000000076ab00000,0x000000076ab00000,0x000000077a600000)
  from space 108544K, 51% used [0x000000077a600000,0x000000077dc8c4d0,0x0000000781000000)
  to   space 107008K, 0% used [0x0000000785680000,0x0000000785680000,0x000000078bf00000)
 ParOldGen       total 237056K, used 236958K [0x00000006c0000000, 0x00000006ce780000, 0x000000076ab00000)
  object space 237056K, 99% used [0x00000006c0000000,0x00000006ce767998,0x00000006ce780000)
 Metaspace       used 87453K, capacity 96250K, committed 96384K, reserved 1132544K
  class space    used 11816K, capacity 13905K, committed 13952K, reserved 1048576K
GC Heap History (10 events):
Event: 1630.621 GC heap after
Heap after GC invocations=14 (full 3):
 PSYoungGen      total 345600K, used 48608K [0x000000076ab00000, 0x0000000785700000, 0x00000007c0000000)
  eden space 296960K, 0% used [0x000000076ab00000,0x000000076ab00000,0x000000077cd00000)
  from space 48640K, 99% used [0x000000077d600000,0x0000000780578210,0x0000000780580000)
  to   space 70656K, 0% used [0x0000000781200000,0x0000000781200000,0x0000000785700000)
 ParOldGen       total 236544K, used 117607K [0x00000006c0000000, 0x00000006ce700000, 0x000000076ab00000)
  object space 236544K, 49% used [0x00000006c0000000,0x00000006c72d9df8,0x00000006ce700000)
 Metaspace       used 80190K, capacity 87062K, committed 87168K, reserved 1124352K
  class space    used 10861K, capacity 12652K, committed 12672K, reserved 1048576K
}
Event: 1867.551 GC heap before
{Heap before GC invocations=15 (full 3):
 PSYoungGen      total 345600K, used 345568K [0x000000076ab00000, 0x0000000785700000, 0x00000007c0000000)
  eden space 296960K, 100% used [0x000000076ab00000,0x000000077cd00000,0x000000077cd00000)
  from space 48640K, 99% used [0x000000077d600000,0x0000000780578210,0x0000000780580000)
  to   space 70656K, 0% used [0x0000000781200000,0x0000000781200000,0x0000000785700000)
 ParOldGen       total 236544K, used 117607K [0x00000006c0000000, 0x00000006ce700000, 0x000000076ab00000)
  object space 236544K, 49% used [0x00000006c0000000,0x00000006c72d9df8,0x00000006ce700000)
 Metaspace       used 81153K, capacity 88274K, committed 88576K, reserved 1124352K
  class space    used 10902K, capacity 12746K, committed 12800K, reserved 1048576K
Event: 1867.599 GC heap after
Heap after GC invocations=15 (full 3):
 PSYoungGen      total 358912K, used 62492K [0x000000076ab00000, 0x0000000785f80000, 0x00000007c0000000)
  eden space 288256K, 0% used [0x000000076ab00000,0x000000076ab00000,0x000000077c480000)
  from space 70656K, 88% used [0x0000000781200000,0x0000000784f07360,0x0000000785700000)
  to   space 79360K, 0% used [0x000000077c480000,0x000000077c480000,0x0000000781200000)
 ParOldGen       total 236544K, used 165498K [0x00000006c0000000, 0x00000006ce700000, 0x000000076ab00000)
  object space 236544K, 69% used [0x00000006c0000000,0x00000006ca19eba0,0x00000006ce700000)
 Metaspace       used 81153K, capacity 88274K, committed 88576K, reserved 1124352K
  class space    used 10902K, capacity 12746K, committed 12800K, reserved 1048576K
}
Event: 1963.035 GC heap before
{Heap before GC invocations=16 (full 3):
 PSYoungGen      total 358912K, used 350748K [0x000000076ab00000, 0x0000000785f80000, 0x00000007c0000000)
  eden space 288256K, 100% used [0x000000076ab00000,0x000000077c480000,0x000000077c480000)
  from space 70656K, 88% used [0x0000000781200000,0x0000000784f07360,0x0000000785700000)
  to   space 79360K, 0% used [0x000000077c480000,0x000000077c480000,0x0000000781200000)
 ParOldGen       total 236544K, used 165498K [0x00000006c0000000, 0x00000006ce700000, 0x000000076ab00000)
  object space 236544K, 69% used [0x00000006c0000000,0x00000006ca19eba0,0x00000006ce700000)
 Metaspace       used 81730K, capacity 88944K, committed 89088K, reserved 1126400K
  class space    used 10933K, capacity 12781K, committed 12800K, reserved 1048576K
Event: 1963.075 GC heap after
Heap after GC invocations=16 (full 3):
 PSYoungGen      total 340992K, used 61414K [0x000000076ab00000, 0x0000000786400000, 0x00000007c0000000)
  eden space 279552K, 0% used [0x000000076ab00000,0x000000076ab00000,0x000000077bc00000)
  from space 61440K, 99% used [0x000000077c480000,0x00000007800799a0,0x0000000780080000)
  to   space 86016K, 0% used [0x0000000781000000,0x0000000781000000,0x0000000786400000)
 ParOldGen       total 236544K, used 165506K [0x00000006c0000000, 0x00000006ce700000, 0x000000076ab00000)
  object space 236544K, 69% used [0x00000006c0000000,0x00000006ca1a0ba0,0x00000006ce700000)
 Metaspace       used 81730K, capacity 88944K, committed 89088K, reserved 1126400K
  class space    used 10933K, capacity 12781K, committed 12800K, reserved 1048576K
}
Event: 1965.399 GC heap before
{Heap before GC invocations=17 (full 3):
 PSYoungGen      total 340992K, used 340966K [0x000000076ab00000, 0x0000000786400000, 0x00000007c0000000)
  eden space 279552K, 100% used [0x000000076ab00000,0x000000077bc00000,0x000000077bc00000)
  from space 61440K, 99% used [0x000000077c480000,0x00000007800799a0,0x0000000780080000)
  to   space 86016K, 0% used [0x0000000781000000,0x0000000781000000,0x0000000786400000)
 ParOldGen       total 236544K, used 165506K [0x00000006c0000000, 0x00000006ce700000, 0x000000076ab00000)
  object space 236544K, 69% used [0x00000006c0000000,0x00000006ca1a0ba0,0x00000006ce700000)
 Metaspace       used 83672K, capacity 91910K, committed 92032K, reserved 1128448K
  class space    used 11295K, capacity 13331K, committed 13440K, reserved 1048576K
Event: 1965.512 GC heap after
Heap after GC invocations=17 (full 3):
 PSYoungGen      total 343040K, used 86004K [0x000000076ab00000, 0x000000078cf00000, 0x00000007c0000000)
  eden space 257024K, 0% used [0x000000076ab00000,0x000000076ab00000,0x000000077a600000)
  from space 86016K, 99% used [0x0000000781000000,0x00000007863fd240,0x0000000786400000)
  to   space 108544K, 0% used [0x000000077a600000,0x000000077a600000,0x0000000781000000)
 ParOldGen       total 236544K, used 188035K [0x00000006c0000000, 0x00000006ce700000, 0x000000076ab00000)
  object space 236544K, 79% used [0x00000006c0000000,0x00000006cb7a0fb0,0x00000006ce700000)
 Metaspace       used 83672K, capacity 91910K, committed 92032K, reserved 1128448K
  class space    used 11295K, capacity 13331K, committed 13440K, reserved 1048576K
}
Event: 1966.963 GC heap before
{Heap before GC invocations=18 (full 3):
 PSYoungGen      total 343040K, used 343028K [0x000000076ab00000, 0x000000078cf00000, 0x00000007c0000000)
  eden space 257024K, 100% used [0x000000076ab00000,0x000000077a600000,0x000000077a600000)
  from space 86016K, 99% used [0x0000000781000000,0x00000007863fd240,0x0000000786400000)
  to   space 108544K, 0% used [0x000000077a600000,0x000000077a600000,0x0000000781000000)
 ParOldGen       total 236544K, used 188035K [0x00000006c0000000, 0x00000006ce700000, 0x000000076ab00000)
  object space 236544K, 79% used [0x00000006c0000000,0x00000006cb7a0fb0,0x00000006ce700000)
 Metaspace       used 87453K, capacity 96250K, committed 96384K, reserved 1132544K
  class space    used 11816K, capacity 13905K, committed 13952K, reserved 1048576K
Event: 1967.025 GC heap after
Heap after GC invocations=18 (full 3):
 PSYoungGen      total 365568K, used 55857K [0x000000076ab00000, 0x000000078bf00000, 0x00000007c0000000)
  eden space 257024K, 0% used [0x000000076ab00000,0x000000076ab00000,0x000000077a600000)
  from space 108544K, 51% used [0x000000077a600000,0x000000077dc8c4d0,0x0000000781000000)
  to   space 107008K, 0% used [0x0000000785680000,0x0000000785680000,0x000000078bf00000)
 ParOldGen       total 237056K, used 236958K [0x00000006c0000000, 0x00000006ce780000, 0x000000076ab00000)
  object space 237056K, 99% used [0x00000006c0000000,0x00000006ce767998,0x00000006ce780000)
 Metaspace       used 87453K, capacity 96250K, committed 96384K, reserved 1132544K
  class space    used 11816K, capacity 13905K, committed 13952K, reserved 1048576K
}
Event: 1967.025 GC heap before
{Heap before GC invocations=19 (full 4):
 PSYoungGen      total 365568K, used 55857K [0x000000076ab00000, 0x000000078bf00000, 0x00000007c0000000)
  eden space 257024K, 0% used [0x000000076ab00000,0x000000076ab00000,0x000000077a600000)
  from space 108544K, 51% used [0x000000077a600000,0x000000077dc8c4d0,0x0000000781000000)
  to   space 107008K, 0% used [0x0000000785680000,0x0000000785680000,0x000000078bf00000)
 ParOldGen       total 237056K, used 236958K [0x00000006c0000000, 0x00000006ce780000, 0x000000076ab00000)
  object space 237056K, 99% used [0x00000006c0000000,0x00000006ce767998,0x00000006ce780000)
 Metaspace       used 87453K, capacity 96250K, committed 96384K, reserved 1132544K
  class space    used 11816K, capacity 13905K, committed 13952K, reserved 1048576K

