# JRE version: Java(TM) SE Runtime Environment (8.0_291-b10) (build 1.8.0_291-b10)
# Java VM: Java HotSpot(TM) 64-Bit Server VM (25.291-b10 mixed mode windows-amd64 compressed oops)
Heap:
 PSYoungGen      total 410624K, used 379168K [0x000000076ab00000, 0x0000000786880000, 0x00000007c0000000)
  eden space 363520K, 100% used [0x000000076ab00000,0x0000000780e00000,0x0000000780e00000)
  from space 47104K, 33% used [0x0000000783a80000,0x00000007849c80e8,0x0000000786880000)
  to   space 45568K, 41% used [0x0000000780e00000,0x0000000782078040,0x0000000783a80000)
 ParOldGen       total 192000K, used 152665K [0x00000006c0000000, 0x00000006cbb80000, 0x000000076ab00000)
  object space 192000K, 79% used [0x00000006c0000000,0x00000006c95166f8,0x00000006cbb80000)
 Metaspace       used 78818K, capacity 86431K, committed 86656K, reserved 1122304K
  class space    used 10998K, capacity 12818K, committed 12928K, reserved 1048576K
GC Heap History (10 events):
Event: 27.793 GC heap after
Heap after GC invocations=13 (full 3):
 PSYoungGen      total 242176K, used 0K [0x000000076ab00000, 0x000000077b100000, 0x00000007c0000000)
  eden space 222720K, 0% used [0x000000076ab00000,0x000000076ab00000,0x0000000778480000)
  from space 19456K, 0% used [0x0000000779880000,0x0000000779880000,0x000000077ab80000)
  to   space 20480K, 0% used [0x0000000778480000,0x0000000778480000,0x0000000779880000)
 ParOldGen       total 192000K, used 37418K [0x00000006c0000000, 0x00000006cbb80000, 0x000000076ab00000)
  object space 192000K, 19% used [0x00000006c0000000,0x00000006c248aaa8,0x00000006cbb80000)
 Metaspace       used 56522K, capacity 58933K, committed 59160K, reserved 1099776K
  class space    used 7915K, capacity 8516K, committed 8576K, reserved 1048576K
}
Event: 31.407 GC heap before
{Heap before GC invocations=14 (full 3):
 PSYoungGen      total 242176K, used 222720K [0x000000076ab00000, 0x000000077b100000, 0x00000007c0000000)
  eden space 222720K, 100% used [0x000000076ab00000,0x0000000778480000,0x0000000778480000)
  from space 19456K, 0% used [0x0000000779880000,0x0000000779880000,0x000000077ab80000)
  to   space 20480K, 0% used [0x0000000778480000,0x0000000778480000,0x0000000779880000)
 ParOldGen       total 192000K, used 37418K [0x00000006c0000000, 0x00000006cbb80000, 0x000000076ab00000)
  object space 192000K, 19% used [0x00000006c0000000,0x00000006c248aaa8,0x00000006cbb80000)
 Metaspace       used 65350K, capacity 70139K, committed 70272K, reserved 1110016K
  class space    used 9246K, capacity 10536K, committed 10624K, reserved 1048576K
Event: 31.432 GC heap after
Heap after GC invocations=14 (full 3):
 PSYoungGen      total 243200K, used 20448K [0x000000076ab00000, 0x000000077f800000, 0x00000007c0000000)
  eden space 222720K, 0% used [0x000000076ab00000,0x000000076ab00000,0x0000000778480000)
  from space 20480K, 99% used [0x0000000778480000,0x0000000779878010,0x0000000779880000)
  to   space 27648K, 0% used [0x000000077dd00000,0x000000077dd00000,0x000000077f800000)
 ParOldGen       total 192000K, used 50902K [0x00000006c0000000, 0x00000006cbb80000, 0x000000076ab00000)
  object space 192000K, 26% used [0x00000006c0000000,0x00000006c31b5bf0,0x00000006cbb80000)
 Metaspace       used 65350K, capacity 70139K, committed 70272K, reserved 1110016K
  class space    used 9246K, capacity 10536K, committed 10624K, reserved 1048576K
}
Event: 34.459 GC heap before
{Heap before GC invocations=15 (full 3):
 PSYoungGen      total 243200K, used 243168K [0x000000076ab00000, 0x000000077f800000, 0x00000007c0000000)
  eden space 222720K, 100% used [0x000000076ab00000,0x0000000778480000,0x0000000778480000)
  from space 20480K, 99% used [0x0000000778480000,0x0000000779878010,0x0000000779880000)
  to   space 27648K, 0% used [0x000000077dd00000,0x000000077dd00000,0x000000077f800000)
 ParOldGen       total 192000K, used 50902K [0x00000006c0000000, 0x00000006cbb80000, 0x000000076ab00000)
  object space 192000K, 26% used [0x00000006c0000000,0x00000006c31b5bf0,0x00000006cbb80000)
 Metaspace       used 69917K, capacity 75601K, committed 75648K, reserved 1114112K
  class space    used 9776K, capacity 11365K, committed 11392K, reserved 1048576K
Event: 34.501 GC heap after
Heap after GC invocations=15 (full 3):
 PSYoungGen      total 299520K, used 27632K [0x000000076ab00000, 0x0000000781800000, 0x00000007c0000000)
  eden space 271872K, 0% used [0x000000076ab00000,0x000000076ab00000,0x000000077b480000)
  from space 27648K, 99% used [0x000000077dd00000,0x000000077f7fc020,0x000000077f800000)
  to   space 41472K, 0% used [0x000000077b480000,0x000000077b480000,0x000000077dd00000)
 ParOldGen       total 192000K, used 77318K [0x00000006c0000000, 0x00000006cbb80000, 0x000000076ab00000)
  object space 192000K, 40% used [0x00000006c0000000,0x00000006c4b81ac8,0x00000006cbb80000)
 Metaspace       used 69917K, capacity 75601K, committed 75648K, reserved 1114112K
  class space    used 9776K, capacity 11365K, committed 11392K, reserved 1048576K
}
Event: 36.926 GC heap before
{Heap before GC invocations=16 (full 3):
 PSYoungGen      total 299520K, used 299504K [0x000000076ab00000, 0x0000000781800000, 0x00000007c0000000)
  eden space 271872K, 100% used [0x000000076ab00000,0x000000077b480000,0x000000077b480000)
  from space 27648K, 99% used [0x000000077dd00000,0x000000077f7fc020,0x000000077f800000)
  to   space 41472K, 0% used [0x000000077b480000,0x000000077b480000,0x000000077dd00000)
 ParOldGen       total 192000K, used 77318K [0x00000006c0000000, 0x00000006cbb80000, 0x000000076ab00000)
  object space 192000K, 40% used [0x00000006c0000000,0x00000006c4b81ac8,0x00000006cbb80000)
 Metaspace       used 72887K, capacity 79669K, committed 79872K, reserved 1118208K
  class space    used 10245K, capacity 11947K, committed 12032K, reserved 1048576K
Event: 36.970 GC heap after
Heap after GC invocations=16 (full 3):
 PSYoungGen      total 313344K, used 40246K [0x000000076ab00000, 0x0000000786880000, 0x00000007c0000000)
  eden space 271872K, 0% used [0x000000076ab00000,0x000000076ab00000,0x000000077b480000)
  from space 41472K, 97% used [0x000000077b480000,0x000000077dbcdae8,0x000000077dd00000)
  to   space 47104K, 0% used [0x0000000783a80000,0x0000000783a80000,0x0000000786880000)
 ParOldGen       total 192000K, used 103599K [0x00000006c0000000, 0x00000006cbb80000, 0x000000076ab00000)
  object space 192000K, 53% used [0x00000006c0000000,0x00000006c652bd10,0x00000006cbb80000)
 Metaspace       used 72887K, capacity 79669K, committed 79872K, reserved 1118208K
  class space    used 10245K, capacity 11947K, committed 12032K, reserved 1048576K
}
Event: 39.078 GC heap before
{Heap before GC invocations=17 (full 3):
 PSYoungGen      total 313344K, used 312118K [0x000000076ab00000, 0x0000000786880000, 0x00000007c0000000)
  eden space 271872K, 100% used [0x000000076ab00000,0x000000077b480000,0x000000077b480000)
  from space 41472K, 97% used [0x000000077b480000,0x000000077dbcdae8,0x000000077dd00000)
  to   space 47104K, 0% used [0x0000000783a80000,0x0000000783a80000,0x0000000786880000)
 ParOldGen       total 192000K, used 103599K [0x00000006c0000000, 0x00000006cbb80000, 0x000000076ab00000)
  object space 192000K, 53% used [0x00000006c0000000,0x00000006c652bd10,0x00000006cbb80000)
 Metaspace       used 74238K, capacity 81663K, committed 81920K, reserved 1118208K
  class space    used 10434K, capacity 12198K, committed 12288K, reserved 1048576K
Event: 39.112 GC heap after
Heap after GC invocations=17 (full 3):
 PSYoungGen      total 410624K, used 15648K [0x000000076ab00000, 0x0000000786880000, 0x00000007c0000000)
  eden space 363520K, 0% used [0x000000076ab00000,0x000000076ab00000,0x0000000780e00000)
  from space 47104K, 33% used [0x0000000783a80000,0x00000007849c80e8,0x0000000786880000)
  to   space 45568K, 0% used [0x0000000780e00000,0x0000000780e00000,0x0000000783a80000)
 ParOldGen       total 192000K, used 140754K [0x00000006c0000000, 0x00000006cbb80000, 0x000000076ab00000)
  object space 192000K, 73% used [0x00000006c0000000,0x00000006c8974830,0x00000006cbb80000)
 Metaspace       used 74238K, capacity 81663K, committed 81920K, reserved 1118208K
  class space    used 10434K, capacity 12198K, committed 12288K, reserved 1048576K
}
Event: 50.782 GC heap before
{Heap before GC invocations=18 (full 3):
 PSYoungGen      total 410624K, used 379168K [0x000000076ab00000, 0x0000000786880000, 0x00000007c0000000)
  eden space 363520K, 100% used [0x000000076ab00000,0x0000000780e00000,0x0000000780e00000)
  from space 47104K, 33% used [0x0000000783a80000,0x00000007849c80e8,0x0000000786880000)
  to   space 45568K, 0% used [0x0000000780e00000,0x0000000780e00000,0x0000000783a80000)
 ParOldGen       total 192000K, used 140754K [0x00000006c0000000, 0x00000006cbb80000, 0x000000076ab00000)
  object space 192000K, 73% used [0x00000006c0000000,0x00000006c8974830,0x00000006cbb80000)
 Metaspace       used 78818K, capacity 86431K, committed 86656K, reserved 1122304K
  class space    used 10998K, capacity 12818K, committed 12928K, reserved 1048576K

