# JRE version: Java(TM) SE Runtime Environment (8.0_301-b09) (build 1.8.0_301-b09)
# Java VM: Java HotSpot(TM) 64-Bit Server VM (25.301-b09 mixed mode windows-amd64 compressed oops)
Heap:
 PSYoungGen      total 546816K, used 546777K [0x000000076ab00000, 0x0000000792080000, 0x00000007c0000000)
  eden space 525824K, 100% used [0x000000076ab00000,0x000000078ac80000,0x000000078ac80000)
  from space 20992K, 99% used [0x0000000790c00000,0x0000000792076520,0x0000000792080000)
  to   space 59392K, 99% used [0x000000078ac80000,0x000000078e678648,0x000000078e680000)
 ParOldGen       total 393216K, used 165769K [0x00000006c0000000, 0x00000006d8000000, 0x000000076ab00000)
  object space 393216K, 42% used [0x00000006c0000000,0x00000006ca1e2410,0x00000006d8000000)
 Metaspace       used 87242K, capacity 95435K, committed 95616K, reserved 1130496K
  class space    used 11796K, capacity 13828K, committed 13952K, reserved 1048576K
GC Heap History (10 events):
Event: 21.449 GC heap after
Heap after GC invocations=12 (full 3):
 PSYoungGen      total 371200K, used 28128K [0x000000076ab00000, 0x000000078b180000, 0x00000007c0000000)
  eden space 343040K, 0% used [0x000000076ab00000,0x000000076ab00000,0x000000077fa00000)
  from space 28160K, 99% used [0x000000077fa00000,0x0000000781578030,0x0000000781580000)
  to   space 40960K, 0% used [0x0000000788980000,0x0000000788980000,0x000000078b180000)
 ParOldGen       total 192512K, used 63335K [0x00000006c0000000, 0x00000006cbc00000, 0x000000076ab00000)
  object space 192512K, 32% used [0x00000006c0000000,0x00000006c3dd9de8,0x00000006cbc00000)
 Metaspace       used 68203K, capacity 74015K, committed 74368K, reserved 1112064K
  class space    used 9627K, capacity 11278K, committed 11392K, reserved 1048576K
}
Event: 24.267 GC heap before
{Heap before GC invocations=13 (full 3):
 PSYoungGen      total 371200K, used 371168K [0x000000076ab00000, 0x000000078b180000, 0x00000007c0000000)
  eden space 343040K, 100% used [0x000000076ab00000,0x000000077fa00000,0x000000077fa00000)
  from space 28160K, 99% used [0x000000077fa00000,0x0000000781578030,0x0000000781580000)
  to   space 40960K, 0% used [0x0000000788980000,0x0000000788980000,0x000000078b180000)
 ParOldGen       total 192512K, used 63335K [0x00000006c0000000, 0x00000006cbc00000, 0x000000076ab00000)
  object space 192512K, 32% used [0x00000006c0000000,0x00000006c3dd9de8,0x00000006cbc00000)
 Metaspace       used 72476K, capacity 79633K, committed 79744K, reserved 1116160K
  class space    used 10223K, capacity 12098K, committed 12160K, reserved 1048576K
Event: 24.342 GC heap after
Heap after GC invocations=13 (full 3):
 PSYoungGen      total 464896K, used 40945K [0x000000076ab00000, 0x000000078eb80000, 0x00000007c0000000)
  eden space 423936K, 0% used [0x000000076ab00000,0x000000076ab00000,0x0000000784900000)
  from space 40960K, 99% used [0x0000000788980000,0x000000078b17c6e8,0x000000078b180000)
  to   space 66048K, 0% used [0x0000000784900000,0x0000000784900000,0x0000000788980000)
 ParOldGen       total 192512K, used 114333K [0x00000006c0000000, 0x00000006cbc00000, 0x000000076ab00000)
  object space 192512K, 59% used [0x00000006c0000000,0x00000006c6fa7790,0x00000006cbc00000)
 Metaspace       used 72476K, capacity 79633K, committed 79744K, reserved 1116160K
  class space    used 10223K, capacity 12098K, committed 12160K, reserved 1048576K
}
Event: 28.074 GC heap before
{Heap before GC invocations=14 (full 3):
 PSYoungGen      total 464896K, used 464881K [0x000000076ab00000, 0x000000078eb80000, 0x00000007c0000000)
  eden space 423936K, 100% used [0x000000076ab00000,0x0000000784900000,0x0000000784900000)
  from space 40960K, 99% used [0x0000000788980000,0x000000078b17c6e8,0x000000078b180000)
  to   space 66048K, 0% used [0x0000000784900000,0x0000000784900000,0x0000000788980000)
 ParOldGen       total 192512K, used 114333K [0x00000006c0000000, 0x00000006cbc00000, 0x000000076ab00000)
  object space 192512K, 59% used [0x00000006c0000000,0x00000006c6fa7790,0x00000006cbc00000)
 Metaspace       used 75156K, capacity 82983K, committed 83200K, reserved 1120256K
  class space    used 10563K, capacity 12491K, committed 12544K, reserved 1048576K
Event: 28.118 GC heap after
Heap after GC invocations=14 (full 3):
 PSYoungGen      total 489984K, used 24260K [0x000000076ab00000, 0x0000000794900000, 0x00000007c0000000)
  eden space 423936K, 0% used [0x000000076ab00000,0x000000076ab00000,0x0000000784900000)
  from space 66048K, 36% used [0x0000000784900000,0x00000007860b1318,0x0000000788980000)
  to   space 62464K, 0% used [0x0000000790c00000,0x0000000790c00000,0x0000000794900000)
 ParOldGen       total 192512K, used 154620K [0x00000006c0000000, 0x00000006cbc00000, 0x000000076ab00000)
  object space 192512K, 80% used [0x00000006c0000000,0x00000006c96ff308,0x00000006cbc00000)
 Metaspace       used 75156K, capacity 82983K, committed 83200K, reserved 1120256K
  class space    used 10563K, capacity 12491K, committed 12544K, reserved 1048576K
}
Event: 28.118 GC heap before
{Heap before GC invocations=15 (full 4):
 PSYoungGen      total 489984K, used 24260K [0x000000076ab00000, 0x0000000794900000, 0x00000007c0000000)
  eden space 423936K, 0% used [0x000000076ab00000,0x000000076ab00000,0x0000000784900000)
  from space 66048K, 36% used [0x0000000784900000,0x00000007860b1318,0x0000000788980000)
  to   space 62464K, 0% used [0x0000000790c00000,0x0000000790c00000,0x0000000794900000)
 ParOldGen       total 192512K, used 154620K [0x00000006c0000000, 0x00000006cbc00000, 0x000000076ab00000)
  object space 192512K, 80% used [0x00000006c0000000,0x00000006c96ff308,0x00000006cbc00000)
 Metaspace       used 75156K, capacity 82983K, committed 83200K, reserved 1120256K
  class space    used 10563K, capacity 12491K, committed 12544K, reserved 1048576K
Event: 28.510 GC heap after
Heap after GC invocations=15 (full 4):
 PSYoungGen      total 489984K, used 0K [0x000000076ab00000, 0x0000000794900000, 0x00000007c0000000)
  eden space 423936K, 0% used [0x000000076ab00000,0x000000076ab00000,0x0000000784900000)
  from space 66048K, 0% used [0x0000000784900000,0x0000000784900000,0x0000000788980000)
  to   space 62464K, 0% used [0x0000000790c00000,0x0000000790c00000,0x0000000794900000)
 ParOldGen       total 393216K, used 161490K [0x00000006c0000000, 0x00000006d8000000, 0x000000076ab00000)
  object space 393216K, 41% used [0x00000006c0000000,0x00000006c9db4808,0x00000006d8000000)
 Metaspace       used 74862K, capacity 82119K, committed 83200K, reserved 1120256K
  class space    used 10468K, capacity 12329K, committed 12544K, reserved 1048576K
}
Event: 33.661 GC heap before
{Heap before GC invocations=16 (full 4):
 PSYoungGen      total 489984K, used 423936K [0x000000076ab00000, 0x0000000794900000, 0x00000007c0000000)
  eden space 423936K, 100% used [0x000000076ab00000,0x0000000784900000,0x0000000784900000)
  from space 66048K, 0% used [0x0000000784900000,0x0000000784900000,0x0000000788980000)
  to   space 62464K, 0% used [0x0000000790c00000,0x0000000790c00000,0x0000000794900000)
 ParOldGen       total 393216K, used 161490K [0x00000006c0000000, 0x00000006d8000000, 0x000000076ab00000)
  object space 393216K, 41% used [0x00000006c0000000,0x00000006c9db4808,0x00000006d8000000)
 Metaspace       used 79472K, capacity 87049K, committed 87552K, reserved 1124352K
  class space    used 11047K, capacity 12986K, committed 13056K, reserved 1048576K
Event: 33.677 GC heap after
Heap after GC invocations=16 (full 4):
 PSYoungGen      total 546816K, used 20953K [0x000000076ab00000, 0x0000000792080000, 0x00000007c0000000)
  eden space 525824K, 0% used [0x000000076ab00000,0x000000076ab00000,0x000000078ac80000)
  from space 20992K, 99% used [0x0000000790c00000,0x0000000792076520,0x0000000792080000)
  to   space 59392K, 0% used [0x000000078ac80000,0x000000078ac80000,0x000000078e680000)
 ParOldGen       total 393216K, used 161498K [0x00000006c0000000, 0x00000006d8000000, 0x000000076ab00000)
  object space 393216K, 41% used [0x00000006c0000000,0x00000006c9db6808,0x00000006d8000000)
 Metaspace       used 79472K, capacity 87049K, committed 87552K, reserved 1124352K
  class space    used 11047K, capacity 12986K, committed 13056K, reserved 1048576K
}
Event: 1279.400 GC heap before
{Heap before GC invocations=17 (full 4):
 PSYoungGen      total 546816K, used 546777K [0x000000076ab00000, 0x0000000792080000, 0x00000007c0000000)
  eden space 525824K, 100% used [0x000000076ab00000,0x000000078ac80000,0x000000078ac80000)
  from space 20992K, 99% used [0x0000000790c00000,0x0000000792076520,0x0000000792080000)
  to   space 59392K, 0% used [0x000000078ac80000,0x000000078ac80000,0x000000078e680000)
 ParOldGen       total 393216K, used 161498K [0x00000006c0000000, 0x00000006d8000000, 0x000000076ab00000)
  object space 393216K, 41% used [0x00000006c0000000,0x00000006c9db6808,0x00000006d8000000)
 Metaspace       used 87242K, capacity 95435K, committed 95616K, reserved 1130496K
  class space    used 11796K, capacity 13828K, committed 13952K, reserved 1048576K

