# JRE version: OpenJDK Runtime Environment (8.0_292-b10) (build 1.8.0_292-8u292-b10-0ubuntu1~20.04-b10)
# Java VM: OpenJDK 64-Bit Server VM (25.292-b10 mixed mode linux-amd64 compressed oops)
Heap:
 PSYoungGen      total 532992K, used 421674K [0x000000076ab00000, 0x000000078f080000, 0x00000007c0000000)
  eden space 473088K, 89% used [0x000000076ab00000,0x00000007846caaf0,0x0000000787900000)
  from space 59904K, 0% used [0x000000078b100000,0x000000078b100000,0x000000078eb80000)
  to   space 57344K, 0% used [0x0000000787900000,0x0000000787900000,0x000000078b100000)
 ParOldGen       total 419328K, used 172361K [0x00000006c0000000, 0x00000006d9980000, 0x000000076ab00000)
  object space 419328K, 41% used [0x00000006c0000000,0x00000006ca8526d0,0x00000006d9980000)
 Metaspace       used 87476K, capacity 95390K, committed 95616K, reserved 1130496K
  class space    used 12125K, capacity 14133K, committed 14208K, reserved 1048576K
GC Heap History (10 events):
Event: 12.032 GC heap before
{Heap before GC invocations=12 (full 3):
 PSYoungGen      total 320000K, used 299520K [0x000000076ab00000, 0x0000000780a80000, 0x00000007c0000000)
  eden space 299520K, 100% used [0x000000076ab00000,0x000000077cf80000,0x000000077cf80000)
  from space 20480K, 0% used [0x000000077e900000,0x000000077e900000,0x000000077fd00000)
  to   space 26112K, 0% used [0x000000077cf80000,0x000000077cf80000,0x000000077e900000)
 ParOldGen       total 206848K, used 41349K [0x00000006c0000000, 0x00000006cca00000, 0x000000076ab00000)
  object space 206848K, 19% used [0x00000006c0000000,0x00000006c2861698,0x00000006cca00000)
 Metaspace       used 66584K, capacity 72106K, committed 72192K, reserved 1110016K
  class space    used 9427K, capacity 10962K, committed 11008K, reserved 1048576K
Event: 12.068 GC heap after
Heap after GC invocations=12 (full 3):
 PSYoungGen      total 325632K, used 26080K [0x000000076ab00000, 0x0000000786a00000, 0x00000007c0000000)
  eden space 299520K, 0% used [0x000000076ab00000,0x000000076ab00000,0x000000077cf80000)
  from space 26112K, 99% used [0x000000077cf80000,0x000000077e8f8010,0x000000077e900000)
  to   space 37376K, 0% used [0x0000000784580000,0x0000000784580000,0x0000000786a00000)
 ParOldGen       total 206848K, used 60282K [0x00000006c0000000, 0x00000006cca00000, 0x000000076ab00000)
  object space 206848K, 29% used [0x00000006c0000000,0x00000006c3ade910,0x00000006cca00000)
 Metaspace       used 66584K, capacity 72106K, committed 72192K, reserved 1110016K
  class space    used 9427K, capacity 10962K, committed 11008K, reserved 1048576K
}
Event: 16.434 GC heap before
{Heap before GC invocations=13 (full 3):
 PSYoungGen      total 325632K, used 325600K [0x000000076ab00000, 0x0000000786a00000, 0x00000007c0000000)
  eden space 299520K, 100% used [0x000000076ab00000,0x000000077cf80000,0x000000077cf80000)
  from space 26112K, 99% used [0x000000077cf80000,0x000000077e8f8010,0x000000077e900000)
  to   space 37376K, 0% used [0x0000000784580000,0x0000000784580000,0x0000000786a00000)
 ParOldGen       total 206848K, used 60282K [0x00000006c0000000, 0x00000006cca00000, 0x000000076ab00000)
  object space 206848K, 29% used [0x00000006c0000000,0x00000006c3ade910,0x00000006cca00000)
 Metaspace       used 75245K, capacity 81454K, committed 81664K, reserved 1118208K
  class space    used 10500K, capacity 12235K, committed 12288K, reserved 1048576K
Event: 16.473 GC heap after
Heap after GC invocations=13 (full 3):
 PSYoungGen      total 402432K, used 37344K [0x000000076ab00000, 0x0000000788780000, 0x00000007c0000000)
  eden space 365056K, 0% used [0x000000076ab00000,0x000000076ab00000,0x0000000780f80000)
  from space 37376K, 99% used [0x0000000784580000,0x00000007869f8040,0x0000000786a00000)
  to   space 55296K, 0% used [0x0000000780f80000,0x0000000780f80000,0x0000000784580000)
 ParOldGen       total 206848K, used 94120K [0x00000006c0000000, 0x00000006cca00000, 0x000000076ab00000)
  object space 206848K, 45% used [0x00000006c0000000,0x00000006c5bea030,0x00000006cca00000)
 Metaspace       used 75245K, capacity 81454K, committed 81664K, reserved 1118208K
  class space    used 10500K, capacity 12235K, committed 12288K, reserved 1048576K
}
Event: 18.500 GC heap before
{Heap before GC invocations=14 (full 3):
 PSYoungGen      total 402432K, used 402400K [0x000000076ab00000, 0x0000000788780000, 0x00000007c0000000)
  eden space 365056K, 100% used [0x000000076ab00000,0x0000000780f80000,0x0000000780f80000)
  from space 37376K, 99% used [0x0000000784580000,0x00000007869f8040,0x0000000786a00000)
  to   space 55296K, 0% used [0x0000000780f80000,0x0000000780f80000,0x0000000784580000)
 ParOldGen       total 206848K, used 94120K [0x00000006c0000000, 0x00000006cca00000, 0x000000076ab00000)
  object space 206848K, 45% used [0x00000006c0000000,0x00000006c5bea030,0x00000006cca00000)
 Metaspace       used 78629K, capacity 86354K, committed 86528K, reserved 1122304K
  class space    used 11049K, capacity 12994K, committed 13056K, reserved 1048576K
Event: 18.562 GC heap after
Heap after GC invocations=14 (full 3):
 PSYoungGen      total 420352K, used 42721K [0x000000076ab00000, 0x000000078eb80000, 0x00000007c0000000)
  eden space 365056K, 0% used [0x000000076ab00000,0x000000076ab00000,0x0000000780f80000)
  from space 55296K, 77% used [0x0000000780f80000,0x0000000783938558,0x0000000784580000)
  to   space 59904K, 0% used [0x000000078b100000,0x000000078b100000,0x000000078eb80000)
 ParOldGen       total 206848K, used 131219K [0x00000006c0000000, 0x00000006cca00000, 0x000000076ab00000)
  object space 206848K, 63% used [0x00000006c0000000,0x00000006c8024f88,0x00000006cca00000)
 Metaspace       used 78629K, capacity 86354K, committed 86528K, reserved 1122304K
  class space    used 11049K, capacity 12994K, committed 13056K, reserved 1048576K
}
Event: 19.694 GC heap before
{Heap before GC invocations=15 (full 3):
 PSYoungGen      total 420352K, used 407777K [0x000000076ab00000, 0x000000078eb80000, 0x00000007c0000000)
  eden space 365056K, 100% used [0x000000076ab00000,0x0000000780f80000,0x0000000780f80000)
  from space 55296K, 77% used [0x0000000780f80000,0x0000000783938558,0x0000000784580000)
  to   space 59904K, 0% used [0x000000078b100000,0x000000078b100000,0x000000078eb80000)
 ParOldGen       total 206848K, used 131219K [0x00000006c0000000, 0x00000006cca00000, 0x000000076ab00000)
  object space 206848K, 63% used [0x00000006c0000000,0x00000006c8024f88,0x00000006cca00000)
 Metaspace       used 81443K, capacity 89392K, committed 89728K, reserved 1126400K
  class space    used 11413K, capacity 13371K, committed 13440K, reserved 1048576K
Event: 19.735 GC heap after
Heap after GC invocations=15 (full 3):
 PSYoungGen      total 532992K, used 19039K [0x000000076ab00000, 0x000000078f080000, 0x00000007c0000000)
  eden space 473088K, 0% used [0x000000076ab00000,0x000000076ab00000,0x0000000787900000)
  from space 59904K, 31% used [0x000000078b100000,0x000000078c397f80,0x000000078eb80000)
  to   space 57344K, 0% used [0x0000000787900000,0x0000000787900000,0x000000078b100000)
 ParOldGen       total 206848K, used 170645K [0x00000006c0000000, 0x00000006cca00000, 0x000000076ab00000)
  object space 206848K, 82% used [0x00000006c0000000,0x00000006ca6a5400,0x00000006cca00000)
 Metaspace       used 81443K, capacity 89392K, committed 89728K, reserved 1126400K
  class space    used 11413K, capacity 13371K, committed 13440K, reserved 1048576K
}
Event: 19.735 GC heap before
{Heap before GC invocations=16 (full 4):
 PSYoungGen      total 532992K, used 19039K [0x000000076ab00000, 0x000000078f080000, 0x00000007c0000000)
  eden space 473088K, 0% used [0x000000076ab00000,0x000000076ab00000,0x0000000787900000)
  from space 59904K, 31% used [0x000000078b100000,0x000000078c397f80,0x000000078eb80000)
  to   space 57344K, 0% used [0x0000000787900000,0x0000000787900000,0x000000078b100000)
 ParOldGen       total 206848K, used 170645K [0x00000006c0000000, 0x00000006cca00000, 0x000000076ab00000)
  object space 206848K, 82% used [0x00000006c0000000,0x00000006ca6a5400,0x00000006cca00000)
 Metaspace       used 81443K, capacity 89392K, committed 89728K, reserved 1126400K
  class space    used 11413K, capacity 13371K, committed 13440K, reserved 1048576K
Event: 20.035 GC heap after
Heap after GC invocations=16 (full 4):
 PSYoungGen      total 532992K, used 0K [0x000000076ab00000, 0x000000078f080000, 0x00000007c0000000)
  eden space 473088K, 0% used [0x000000076ab00000,0x000000076ab00000,0x0000000787900000)
  from space 59904K, 0% used [0x000000078b100000,0x000000078b100000,0x000000078eb80000)
  to   space 57344K, 0% used [0x0000000787900000,0x0000000787900000,0x000000078b100000)
 ParOldGen       total 419328K, used 172361K [0x00000006c0000000, 0x00000006d9980000, 0x000000076ab00000)
  object space 419328K, 41% used [0x00000006c0000000,0x00000006ca8526d0,0x00000006d9980000)
 Metaspace       used 81152K, capacity 88588K, committed 89728K, reserved 1126400K
  class space    used 11321K, capacity 13211K, committed 13440K, reserved 1048576K
}

